{"C:\\Users\\serge\\OneDrive\\Рабочий стол\\Учеба Front-end\\rsschool-react\\React\\src\\components\\model\\get-search-params.ts": {"path":"C:\\Users\\serge\\OneDrive\\Рабочий стол\\Учеба Front-end\\rsschool-react\\React\\src\\components\\model\\get-search-params.ts","statementMap":{"0":{"start":{"line":9,"column":25},"end":{"line":9,"column":42}},"1":{"start":{"line":11,"column":42},"end":{"line":13,"column":28}},"2":{"start":{"line":15,"column":21},"end":{"line":15,"column":66}},"3":{"start":{"line":17,"column":18},"end":{"line":17,"column":61}},"4":{"start":{"line":19,"column":2},"end":{"line":19,"column":50}}},"fnMap":{"0":{"name":"useGetSearchParams","decl":{"start":{"line":8,"column":16},"end":{"line":8,"column":34}},"loc":{"start":{"line":8,"column":51},"end":{"line":20,"column":1}},"line":8}},"branchMap":{"0":{"loc":{"start":{"line":11,"column":42},"end":{"line":13,"column":28}},"type":"binary-expr","locations":[{"start":{"line":11,"column":42},"end":{"line":13,"column":16}},{"start":{"line":13,"column":20},"end":{"line":13,"column":28}}],"line":11},"1":{"loc":{"start":{"line":15,"column":21},"end":{"line":15,"column":66}},"type":"binary-expr","locations":[{"start":{"line":15,"column":21},"end":{"line":15,"column":47}},{"start":{"line":15,"column":51},"end":{"line":15,"column":66}}],"line":15},"2":{"loc":{"start":{"line":17,"column":18},"end":{"line":17,"column":61}},"type":"binary-expr","locations":[{"start":{"line":17,"column":18},"end":{"line":17,"column":45}},{"start":{"line":17,"column":49},"end":{"line":17,"column":61}}],"line":17}},"s":{"0":1,"1":1,"2":1,"3":1,"4":1},"f":{"0":1},"b":{"0":[1,1],"1":[1,0],"2":[1,0]},"_coverageSchema":"1a1c01bbd47fc00a2c39e90264f33305004495a9","hash":"0b01814b4fa39a1119bd09a73f2b6214abeb01d8"}
,"C:\\Users\\serge\\OneDrive\\Рабочий стол\\Учеба Front-end\\rsschool-react\\React\\src\\components\\model\\get-url.ts": {"path":"C:\\Users\\serge\\OneDrive\\Рабочий стол\\Учеба Front-end\\rsschool-react\\React\\src\\components\\model\\get-url.ts","statementMap":{"0":{"start":{"line":2,"column":2},"end":{"line":2,"column":47}},"1":{"start":{"line":2,"column":35},"end":{"line":2,"column":47}},"2":{"start":{"line":4,"column":2},"end":{"line":4,"column":61}}},"fnMap":{"0":{"name":"getURL","decl":{"start":{"line":1,"column":16},"end":{"line":1,"column":22}},"loc":{"start":{"line":1,"column":70},"end":{"line":5,"column":1}},"line":1}},"branchMap":{"0":{"loc":{"start":{"line":2,"column":2},"end":{"line":2,"column":47}},"type":"if","locations":[{"start":{"line":2,"column":2},"end":{"line":2,"column":47}},{"start":{},"end":{}}],"line":2},"1":{"loc":{"start":{"line":2,"column":6},"end":{"line":2,"column":33}},"type":"binary-expr","locations":[{"start":{"line":2,"column":6},"end":{"line":2,"column":17}},{"start":{"line":2,"column":21},"end":{"line":2,"column":33}}],"line":2}},"s":{"0":1,"1":0,"2":1},"f":{"0":1},"b":{"0":[0,1],"1":[1,1]},"_coverageSchema":"1a1c01bbd47fc00a2c39e90264f33305004495a9","hash":"2d38eb34af9c4bc6881d69db8152e988f2bfabe6"}
,"C:\\Users\\serge\\OneDrive\\Рабочий стол\\Учеба Front-end\\rsschool-react\\React\\src\\components\\ui\\search-field\\search-field.tsx": {"path":"C:\\Users\\serge\\OneDrive\\Рабочий стол\\Учеба Front-end\\rsschool-react\\React\\src\\components\\ui\\search-field\\search-field.tsx","statementMap":{"0":{"start":{"line":7,"column":27},"end":{"line":54,"column":1}},"1":{"start":{"line":8,"column":44},"end":{"line":8,"column":69}},"2":{"start":{"line":9,"column":34},"end":{"line":9,"column":46}},"3":{"start":{"line":10,"column":19},"end":{"line":10,"column":32}},"4":{"start":{"line":11,"column":40},"end":{"line":11,"column":60}},"5":{"start":{"line":12,"column":46},"end":{"line":12,"column":63}},"6":{"start":{"line":14,"column":28},"end":{"line":16,"column":3}},"7":{"start":{"line":15,"column":4},"end":{"line":15,"column":46}},"8":{"start":{"line":18,"column":23},"end":{"line":23,"column":3}},"9":{"start":{"line":19,"column":4},"end":{"line":19,"column":27}},"10":{"start":{"line":20,"column":4},"end":{"line":20,"column":74}},"11":{"start":{"line":21,"column":4},"end":{"line":21,"column":53}},"12":{"start":{"line":22,"column":4},"end":{"line":22,"column":77}},"13":{"start":{"line":25,"column":30},"end":{"line":27,"column":3}},"14":{"start":{"line":26,"column":4},"end":{"line":26,"column":50}},"15":{"start":{"line":29,"column":2},"end":{"line":53,"column":4}}},"fnMap":{"0":{"name":"(anonymous_0)","decl":{"start":{"line":7,"column":27},"end":{"line":7,"column":28}},"loc":{"start":{"line":7,"column":33},"end":{"line":54,"column":1}},"line":7},"1":{"name":"(anonymous_1)","decl":{"start":{"line":14,"column":28},"end":{"line":14,"column":29}},"loc":{"start":{"line":14,"column":76},"end":{"line":16,"column":3}},"line":14},"2":{"name":"(anonymous_2)","decl":{"start":{"line":18,"column":23},"end":{"line":18,"column":24}},"loc":{"start":{"line":18,"column":68},"end":{"line":23,"column":3}},"line":18},"3":{"name":"(anonymous_3)","decl":{"start":{"line":25,"column":30},"end":{"line":25,"column":31}},"loc":{"start":{"line":25,"column":78},"end":{"line":27,"column":3}},"line":25}},"branchMap":{"0":{"loc":{"start":{"line":36,"column":15},"end":{"line":36,"column":32}},"type":"binary-expr","locations":[{"start":{"line":36,"column":15},"end":{"line":36,"column":26}},{"start":{"line":36,"column":30},"end":{"line":36,"column":32}}],"line":36},"1":{"loc":{"start":{"line":44,"column":26},"end":{"line":44,"column":45}},"type":"binary-expr","locations":[{"start":{"line":44,"column":26},"end":{"line":44,"column":40}},{"start":{"line":44,"column":44},"end":{"line":44,"column":45}}],"line":44},"2":{"loc":{"start":{"line":45,"column":17},"end":{"line":45,"column":37}},"type":"binary-expr","locations":[{"start":{"line":45,"column":17},"end":{"line":45,"column":31}},{"start":{"line":45,"column":35},"end":{"line":45,"column":37}}],"line":45}},"s":{"0":1,"1":7,"2":7,"3":7,"4":7,"5":7,"6":7,"7":4,"8":7,"9":1,"10":1,"11":1,"12":1,"13":7,"14":0,"15":7},"f":{"0":7,"1":4,"2":1,"3":0},"b":{"0":[7,1],"1":[7,0],"2":[7,0]},"_coverageSchema":"1a1c01bbd47fc00a2c39e90264f33305004495a9","hash":"2040a3ad8efde32f256220c47e6892ff63c5ac27"}
,"C:\\Users\\serge\\OneDrive\\Рабочий стол\\Учеба Front-end\\rsschool-react\\React\\src\\pages\\app\\App.tsx": {"path":"C:\\Users\\serge\\OneDrive\\Рабочий стол\\Учеба Front-end\\rsschool-react\\React\\src\\pages\\app\\App.tsx","statementMap":{"0":{"start":{"line":17,"column":29},"end":{"line":19,"column":1}},"1":{"start":{"line":21,"column":19},"end":{"line":42,"column":1}},"2":{"start":{"line":23,"column":4},"end":{"line":23,"column":24}},"3":{"start":{"line":24,"column":42},"end":{"line":27,"column":4}},"4":{"start":{"line":29,"column":2},"end":{"line":41,"column":4}}},"fnMap":{"0":{"name":"(anonymous_0)","decl":{"start":{"line":21,"column":19},"end":{"line":21,"column":20}},"loc":{"start":{"line":21,"column":25},"end":{"line":42,"column":1}},"line":21}},"branchMap":{},"s":{"0":1,"1":1,"2":1,"3":1,"4":1},"f":{"0":1},"b":{},"_coverageSchema":"1a1c01bbd47fc00a2c39e90264f33305004495a9","hash":"6f5c9c5e406c6c2b291395ba0270d7ad902e6b46"}
,"C:\\Users\\serge\\OneDrive\\Рабочий стол\\Учеба Front-end\\rsschool-react\\React\\src\\shared\\test-data.ts": {"path":"C:\\Users\\serge\\OneDrive\\Рабочий стол\\Учеба Front-end\\rsschool-react\\React\\src\\shared\\test-data.ts","statementMap":{"0":{"start":{"line":1,"column":34},"end":{"line":4,"column":1}}},"fnMap":{"0":{"name":"(anonymous_0)","decl":{"start":{"line":3,"column":19},"end":{"line":3,"column":20}},"loc":{"start":{"line":3,"column":25},"end":{"line":3,"column":27}},"line":3}},"branchMap":{},"s":{"0":1},"f":{"0":1},"b":{},"_coverageSchema":"1a1c01bbd47fc00a2c39e90264f33305004495a9","hash":"ce74f59aad5b92aa5165ca153a49a26644e9e31e"}
}
