{"C:\\Users\\serge\\OneDrive\\Рабочий стол\\Учеба Front-end\\rsschool-react\\React\\src\\assets\\data\\pepe-data.ts": {"path":"C:\\Users\\serge\\OneDrive\\Рабочий стол\\Учеба Front-end\\rsschool-react\\React\\src\\assets\\data\\pepe-data.ts","statementMap":{"0":{"start":{"line":7,"column":37},"end":{"line":22,"column":1}}},"fnMap":{},"branchMap":{},"s":{"0":1},"f":{},"b":{},"_coverageSchema":"1a1c01bbd47fc00a2c39e90264f33305004495a9","hash":"608e3d8ffb99235f04754aaedc924ebbecbb8608"}
,"C:\\Users\\serge\\OneDrive\\Рабочий стол\\Учеба Front-end\\rsschool-react\\React\\src\\components\\api\\constants.ts": {"path":"C:\\Users\\serge\\OneDrive\\Рабочий стол\\Учеба Front-end\\rsschool-react\\React\\src\\components\\api\\constants.ts","statementMap":{"0":{"start":{"line":1,"column":24},"end":{"line":1,"column":59}}},"fnMap":{},"branchMap":{},"s":{"0":4},"f":{},"b":{},"_coverageSchema":"1a1c01bbd47fc00a2c39e90264f33305004495a9","hash":"69b1716e5ab518b58c66ab09f167aff71003a1d7"}
,"C:\\Users\\serge\\OneDrive\\Рабочий стол\\Учеба Front-end\\rsschool-react\\React\\src\\components\\api\\get-page-data.tsx": {"path":"C:\\Users\\serge\\OneDrive\\Рабочий стол\\Учеба Front-end\\rsschool-react\\React\\src\\components\\api\\get-page-data.tsx","statementMap":{"0":{"start":{"line":9,"column":19},"end":{"line":9,"column":65}},"1":{"start":{"line":10,"column":15},"end":{"line":10,"column":36}},"2":{"start":{"line":11,"column":30},"end":{"line":11,"column":42}},"3":{"start":{"line":13,"column":2},"end":{"line":17,"column":3}},"4":{"start":{"line":14,"column":4},"end":{"line":16,"column":6}},"5":{"start":{"line":15,"column":6},"end":{"line":15,"column":60}},"6":{"start":{"line":19,"column":35},"end":{"line":19,"column":37}},"7":{"start":{"line":20,"column":19},"end":{"line":20,"column":54}},"8":{"start":{"line":22,"column":24},"end":{"line":22,"column":51}},"9":{"start":{"line":23,"column":22},"end":{"line":23,"column":43}},"10":{"start":{"line":25,"column":4},"end":{"line":25,"column":63}},"11":{"start":{"line":27,"column":2},"end":{"line":37,"column":3}},"12":{"start":{"line":28,"column":24},"end":{"line":28,"column":37}},"13":{"start":{"line":32,"column":4},"end":{"line":36,"column":5}},"14":{"start":{"line":33,"column":6},"end":{"line":33,"column":68}},"15":{"start":{"line":35,"column":6},"end":{"line":35,"column":21}},"16":{"start":{"line":39,"column":2},"end":{"line":39,"column":71}},"17":{"start":{"line":40,"column":2},"end":{"line":40,"column":65}},"18":{"start":{"line":48,"column":4},"end":{"line":49,"column":40}},"19":{"start":{"line":50,"column":18},"end":{"line":50,"column":44}},"20":{"start":{"line":51,"column":19},"end":{"line":51,"column":39}},"21":{"start":{"line":52,"column":15},"end":{"line":52,"column":36}},"22":{"start":{"line":55,"column":4},"end":{"line":55,"column":69}},"23":{"start":{"line":57,"column":22},"end":{"line":57,"column":45}},"24":{"start":{"line":58,"column":22},"end":{"line":58,"column":46}},"25":{"start":{"line":60,"column":4},"end":{"line":62,"column":49}},"26":{"start":{"line":61,"column":48},"end":{"line":61,"column":75}},"27":{"start":{"line":64,"column":27},"end":{"line":64,"column":79}},"28":{"start":{"line":66,"column":21},"end":{"line":66,"column":28}},"29":{"start":{"line":68,"column":32},"end":{"line":73,"column":3}},"30":{"start":{"line":75,"column":2},"end":{"line":75,"column":18}}},"fnMap":{"0":{"name":"getPageData","decl":{"start":{"line":4,"column":22},"end":{"line":4,"column":33}},"loc":{"start":{"line":8,"column":2},"end":{"line":41,"column":1}},"line":8},"1":{"name":"(anonymous_1)","decl":{"start":{"line":14,"column":29},"end":{"line":14,"column":30}},"loc":{"start":{"line":15,"column":6},"end":{"line":15,"column":60}},"line":15},"2":{"name":"getPokemonsData","decl":{"start":{"line":43,"column":22},"end":{"line":43,"column":37}},"loc":{"start":{"line":46,"column":2},"end":{"line":76,"column":1}},"line":46},"3":{"name":"(anonymous_3)","decl":{"start":{"line":61,"column":6},"end":{"line":61,"column":7}},"loc":{"start":{"line":61,"column":48},"end":{"line":61,"column":75}},"line":61}},"branchMap":{"0":{"loc":{"start":{"line":5,"column":2},"end":{"line":5,"column":17}},"type":"default-arg","locations":[{"start":{"line":5,"column":15},"end":{"line":5,"column":17}}],"line":5},"1":{"loc":{"start":{"line":6,"column":2},"end":{"line":6,"column":13}},"type":"default-arg","locations":[{"start":{"line":6,"column":12},"end":{"line":6,"column":13}}],"line":6},"2":{"loc":{"start":{"line":7,"column":2},"end":{"line":7,"column":17}},"type":"default-arg","locations":[{"start":{"line":7,"column":16},"end":{"line":7,"column":17}}],"line":7},"3":{"loc":{"start":{"line":13,"column":2},"end":{"line":17,"column":3}},"type":"if","locations":[{"start":{"line":13,"column":2},"end":{"line":17,"column":3}},{"start":{},"end":{}}],"line":13},"4":{"loc":{"start":{"line":25,"column":4},"end":{"line":25,"column":63}},"type":"cond-expr","locations":[{"start":{"line":25,"column":35},"end":{"line":25,"column":49}},{"start":{"line":25,"column":52},"end":{"line":25,"column":63}}],"line":25},"5":{"loc":{"start":{"line":55,"column":4},"end":{"line":55,"column":69}},"type":"binary-expr","locations":[{"start":{"line":55,"column":4},"end":{"line":55,"column":35}},{"start":{"line":55,"column":39},"end":{"line":55,"column":69}}],"line":55},"6":{"loc":{"start":{"line":60,"column":4},"end":{"line":62,"column":49}},"type":"binary-expr","locations":[{"start":{"line":60,"column":4},"end":{"line":62,"column":16}},{"start":{"line":62,"column":20},"end":{"line":62,"column":49}}],"line":60}},"s":{"0":0,"1":0,"2":0,"3":0,"4":0,"5":0,"6":0,"7":0,"8":0,"9":0,"10":0,"11":0,"12":0,"13":0,"14":0,"15":0,"16":0,"17":0,"18":1,"19":1,"20":1,"21":1,"22":1,"23":1,"24":1,"25":1,"26":1,"27":1,"28":1,"29":1,"30":1},"f":{"0":0,"1":0,"2":1,"3":1},"b":{"0":[0],"1":[0],"2":[0],"3":[0,0],"4":[0,0],"5":[1,0],"6":[1,0]},"_coverageSchema":"1a1c01bbd47fc00a2c39e90264f33305004495a9","hash":"b56481e2ca1b6d55c80d62379a7d18d804e940f9"}
,"C:\\Users\\serge\\OneDrive\\Рабочий стол\\Учеба Front-end\\rsschool-react\\React\\src\\components\\api\\get-pokemon-details.ts": {"path":"C:\\Users\\serge\\OneDrive\\Рабочий стол\\Учеба Front-end\\rsschool-react\\React\\src\\components\\api\\get-pokemon-details.ts","statementMap":{"0":{"start":{"line":6,"column":2},"end":{"line":6,"column":32}},"1":{"start":{"line":6,"column":16},"end":{"line":6,"column":32}},"2":{"start":{"line":8,"column":19},"end":{"line":8,"column":51}},"3":{"start":{"line":9,"column":15},"end":{"line":9,"column":36}},"4":{"start":{"line":10,"column":24},"end":{"line":10,"column":38}},"5":{"start":{"line":12,"column":23},"end":{"line":12,"column":70}},"6":{"start":{"line":13,"column":24},"end":{"line":13,"column":76}},"7":{"start":{"line":14,"column":25},"end":{"line":14,"column":48}},"8":{"start":{"line":15,"column":25},"end":{"line":15,"column":49}},"9":{"start":{"line":16,"column":26},"end":{"line":18,"column":15}},"10":{"start":{"line":17,"column":47},"end":{"line":17,"column":61}},"11":{"start":{"line":19,"column":32},"end":{"line":19,"column":34}},"12":{"start":{"line":21,"column":2},"end":{"line":32,"column":3}},"13":{"start":{"line":21,"column":15},"end":{"line":21,"column":16}},"14":{"start":{"line":22,"column":17},"end":{"line":22,"column":33}},"15":{"start":{"line":23,"column":21},"end":{"line":23,"column":50}},"16":{"start":{"line":24,"column":17},"end":{"line":24,"column":38}},"17":{"start":{"line":25,"column":32},"end":{"line":25,"column":41}},"18":{"start":{"line":27,"column":6},"end":{"line":29,"column":24}},"19":{"start":{"line":28,"column":50},"end":{"line":28,"column":77}},"20":{"start":{"line":31,"column":4},"end":{"line":31,"column":47}},"21":{"start":{"line":34,"column":36},"end":{"line":34,"column":52}},"22":{"start":{"line":35,"column":33},"end":{"line":35,"column":63}},"23":{"start":{"line":36,"column":25},"end":{"line":36,"column":60}},"24":{"start":{"line":37,"column":33},"end":{"line":39,"column":3}},"25":{"start":{"line":40,"column":32},"end":{"line":40,"column":75}},"26":{"start":{"line":41,"column":25},"end":{"line":41,"column":49}},"27":{"start":{"line":42,"column":24},"end":{"line":42,"column":62}},"28":{"start":{"line":44,"column":31},"end":{"line":52,"column":3}},"29":{"start":{"line":54,"column":2},"end":{"line":54,"column":17}},"30":{"start":{"line":65,"column":2},"end":{"line":70,"column":3}},"31":{"start":{"line":66,"column":17},"end":{"line":66,"column":35}},"32":{"start":{"line":67,"column":4},"end":{"line":67,"column":65}},"33":{"start":{"line":69,"column":4},"end":{"line":69,"column":14}},"34":{"start":{"line":74,"column":24},"end":{"line":74,"column":26}},"35":{"start":{"line":76,"column":2},"end":{"line":82,"column":3}},"36":{"start":{"line":76,"column":18},"end":{"line":76,"column":19}},"37":{"start":{"line":77,"column":21},"end":{"line":77,"column":67}},"38":{"start":{"line":78,"column":17},"end":{"line":78,"column":38}},"39":{"start":{"line":79,"column":26},"end":{"line":79,"column":78}},"40":{"start":{"line":81,"column":4},"end":{"line":81,"column":58}},"41":{"start":{"line":84,"column":2},"end":{"line":84,"column":23}}},"fnMap":{"0":{"name":"getPokemonDetails","decl":{"start":{"line":5,"column":22},"end":{"line":5,"column":39}},"loc":{"start":{"line":5,"column":52},"end":{"line":55,"column":1}},"line":5},"1":{"name":"(anonymous_1)","decl":{"start":{"line":17,"column":9},"end":{"line":17,"column":10}},"loc":{"start":{"line":17,"column":47},"end":{"line":17,"column":61}},"line":17},"2":{"name":"(anonymous_2)","decl":{"start":{"line":28,"column":8},"end":{"line":28,"column":9}},"loc":{"start":{"line":28,"column":50},"end":{"line":28,"column":77}},"line":28},"3":{"name":"getEvolutionChain","decl":{"start":{"line":64,"column":9},"end":{"line":64,"column":26}},"loc":{"start":{"line":64,"column":67},"end":{"line":71,"column":1}},"line":64},"4":{"name":"getEvolutionData","decl":{"start":{"line":73,"column":15},"end":{"line":73,"column":31}},"loc":{"start":{"line":73,"column":56},"end":{"line":85,"column":1}},"line":73}},"branchMap":{"0":{"loc":{"start":{"line":6,"column":2},"end":{"line":6,"column":32}},"type":"if","locations":[{"start":{"line":6,"column":2},"end":{"line":6,"column":32}},{"start":{},"end":{}}],"line":6},"1":{"loc":{"start":{"line":27,"column":6},"end":{"line":29,"column":24}},"type":"binary-expr","locations":[{"start":{"line":27,"column":6},"end":{"line":29,"column":18}},{"start":{"line":29,"column":22},"end":{"line":29,"column":24}}],"line":27},"2":{"loc":{"start":{"line":65,"column":2},"end":{"line":70,"column":3}},"type":"if","locations":[{"start":{"line":65,"column":2},"end":{"line":70,"column":3}},{"start":{"line":68,"column":9},"end":{"line":70,"column":3}}],"line":65}},"s":{"0":0,"1":0,"2":0,"3":0,"4":0,"5":0,"6":0,"7":0,"8":0,"9":0,"10":0,"11":0,"12":0,"13":0,"14":0,"15":0,"16":0,"17":0,"18":0,"19":0,"20":0,"21":0,"22":0,"23":0,"24":0,"25":0,"26":0,"27":0,"28":0,"29":0,"30":0,"31":0,"32":0,"33":0,"34":0,"35":0,"36":0,"37":0,"38":0,"39":0,"40":0,"41":0},"f":{"0":0,"1":0,"2":0,"3":0,"4":0},"b":{"0":[0,0],"1":[0,0],"2":[0,0]},"_coverageSchema":"1a1c01bbd47fc00a2c39e90264f33305004495a9","hash":"2b9ee146c99c971a81403ca1cfe59bc1bcdece47"}
,"C:\\Users\\serge\\OneDrive\\Рабочий стол\\Учеба Front-end\\rsschool-react\\React\\src\\components\\model\\error-boundary.tsx": {"path":"C:\\Users\\serge\\OneDrive\\Рабочий стол\\Учеба Front-end\\rsschool-react\\React\\src\\components\\model\\error-boundary.tsx","statementMap":{"0":{"start":{"line":6,"column":2},"end":{"line":6,"column":69}},"1":{"start":{"line":18,"column":17},"end":{"line":18,"column":36}},"2":{"start":{"line":21,"column":4},"end":{"line":21,"column":30}},"3":{"start":{"line":25,"column":4},"end":{"line":25,"column":55}},"4":{"start":{"line":29,"column":4},"end":{"line":39,"column":5}},"5":{"start":{"line":30,"column":6},"end":{"line":38,"column":8}},"6":{"start":{"line":41,"column":4},"end":{"line":41,"column":31}}},"fnMap":{"0":{"name":"(anonymous_0)","decl":{"start":{"line":20,"column":2},"end":{"line":20,"column":3}},"loc":{"start":{"line":20,"column":43},"end":{"line":22,"column":3}},"line":20},"1":{"name":"(anonymous_1)","decl":{"start":{"line":24,"column":2},"end":{"line":24,"column":3}},"loc":{"start":{"line":24,"column":34},"end":{"line":26,"column":3}},"line":24},"2":{"name":"(anonymous_2)","decl":{"start":{"line":28,"column":2},"end":{"line":28,"column":3}},"loc":{"start":{"line":28,"column":11},"end":{"line":42,"column":3}},"line":28}},"branchMap":{"0":{"loc":{"start":{"line":29,"column":4},"end":{"line":39,"column":5}},"type":"if","locations":[{"start":{"line":29,"column":4},"end":{"line":39,"column":5}},{"start":{},"end":{}}],"line":29}},"s":{"0":2,"1":6,"2":0,"3":0,"4":6,"5":0,"6":6},"f":{"0":0,"1":0,"2":6},"b":{"0":[0,6]},"_coverageSchema":"1a1c01bbd47fc00a2c39e90264f33305004495a9","hash":"909571825e3a3a42a2b4bc448d2525deb237d755"}
,"C:\\Users\\serge\\OneDrive\\Рабочий стол\\Учеба Front-end\\rsschool-react\\React\\src\\components\\model\\get-search-params.ts": {"path":"C:\\Users\\serge\\OneDrive\\Рабочий стол\\Учеба Front-end\\rsschool-react\\React\\src\\components\\model\\get-search-params.ts","statementMap":{"0":{"start":{"line":9,"column":25},"end":{"line":9,"column":42}},"1":{"start":{"line":11,"column":42},"end":{"line":13,"column":28}},"2":{"start":{"line":15,"column":21},"end":{"line":15,"column":66}},"3":{"start":{"line":17,"column":18},"end":{"line":17,"column":61}},"4":{"start":{"line":19,"column":2},"end":{"line":19,"column":50}}},"fnMap":{"0":{"name":"useGetSearchParams","decl":{"start":{"line":8,"column":16},"end":{"line":8,"column":34}},"loc":{"start":{"line":8,"column":51},"end":{"line":20,"column":1}},"line":8}},"branchMap":{"0":{"loc":{"start":{"line":11,"column":42},"end":{"line":13,"column":28}},"type":"binary-expr","locations":[{"start":{"line":11,"column":42},"end":{"line":13,"column":16}},{"start":{"line":13,"column":20},"end":{"line":13,"column":28}}],"line":11},"1":{"loc":{"start":{"line":15,"column":21},"end":{"line":15,"column":66}},"type":"binary-expr","locations":[{"start":{"line":15,"column":21},"end":{"line":15,"column":47}},{"start":{"line":15,"column":51},"end":{"line":15,"column":66}}],"line":15},"2":{"loc":{"start":{"line":17,"column":18},"end":{"line":17,"column":61}},"type":"binary-expr","locations":[{"start":{"line":17,"column":18},"end":{"line":17,"column":45}},{"start":{"line":17,"column":49},"end":{"line":17,"column":61}}],"line":17}},"s":{"0":2,"1":2,"2":2,"3":2,"4":2},"f":{"0":2},"b":{"0":[2,1],"1":[2,2],"2":[2,2]},"_coverageSchema":"1a1c01bbd47fc00a2c39e90264f33305004495a9","hash":"0b01814b4fa39a1119bd09a73f2b6214abeb01d8"}
,"C:\\Users\\serge\\OneDrive\\Рабочий стол\\Учеба Front-end\\rsschool-react\\React\\src\\components\\model\\get-url.ts": {"path":"C:\\Users\\serge\\OneDrive\\Рабочий стол\\Учеба Front-end\\rsschool-react\\React\\src\\components\\model\\get-url.ts","statementMap":{"0":{"start":{"line":2,"column":2},"end":{"line":2,"column":47}},"1":{"start":{"line":2,"column":35},"end":{"line":2,"column":47}},"2":{"start":{"line":4,"column":2},"end":{"line":4,"column":61}}},"fnMap":{"0":{"name":"getURL","decl":{"start":{"line":1,"column":16},"end":{"line":1,"column":22}},"loc":{"start":{"line":1,"column":70},"end":{"line":5,"column":1}},"line":1}},"branchMap":{"0":{"loc":{"start":{"line":2,"column":2},"end":{"line":2,"column":47}},"type":"if","locations":[{"start":{"line":2,"column":2},"end":{"line":2,"column":47}},{"start":{},"end":{}}],"line":2},"1":{"loc":{"start":{"line":2,"column":6},"end":{"line":2,"column":33}},"type":"binary-expr","locations":[{"start":{"line":2,"column":6},"end":{"line":2,"column":17}},{"start":{"line":2,"column":21},"end":{"line":2,"column":33}}],"line":2}},"s":{"0":6,"1":2,"2":6},"f":{"0":6},"b":{"0":[2,4],"1":[6,5]},"_coverageSchema":"1a1c01bbd47fc00a2c39e90264f33305004495a9","hash":"2d38eb34af9c4bc6881d69db8152e988f2bfabe6"}
,"C:\\Users\\serge\\OneDrive\\Рабочий стол\\Учеба Front-end\\rsschool-react\\React\\src\\components\\ui\\button\\button.tsx": {"path":"C:\\Users\\serge\\OneDrive\\Рабочий стол\\Учеба Front-end\\rsschool-react\\React\\src\\components\\ui\\button\\button.tsx","statementMap":{"0":{"start":{"line":11,"column":22},"end":{"line":17,"column":1}},"1":{"start":{"line":12,"column":2},"end":{"line":16,"column":4}}},"fnMap":{"0":{"name":"(anonymous_0)","decl":{"start":{"line":11,"column":22},"end":{"line":11,"column":23}},"loc":{"start":{"line":11,"column":67},"end":{"line":17,"column":1}},"line":11}},"branchMap":{},"s":{"0":2,"1":16},"f":{"0":16},"b":{},"_coverageSchema":"1a1c01bbd47fc00a2c39e90264f33305004495a9","hash":"c8b592617be01815680d5bf849aee29f37f7b163"}
,"C:\\Users\\serge\\OneDrive\\Рабочий стол\\Учеба Front-end\\rsschool-react\\React\\src\\components\\ui\\card\\card.tsx": {"path":"C:\\Users\\serge\\OneDrive\\Рабочий стол\\Учеба Front-end\\rsschool-react\\React\\src\\components\\ui\\card\\card.tsx","statementMap":{"0":{"start":{"line":16,"column":20},"end":{"line":38,"column":1}},"1":{"start":{"line":17,"column":19},"end":{"line":17,"column":32}},"2":{"start":{"line":19,"column":22},"end":{"line":24,"column":3}},"3":{"start":{"line":20,"column":19},"end":{"line":20,"column":46}},"4":{"start":{"line":21,"column":4},"end":{"line":21,"column":44}},"5":{"start":{"line":21,"column":37},"end":{"line":21,"column":44}},"6":{"start":{"line":22,"column":4},"end":{"line":22,"column":30}},"7":{"start":{"line":23,"column":4},"end":{"line":23,"column":44}},"8":{"start":{"line":26,"column":2},"end":{"line":37,"column":4}},"9":{"start":{"line":40,"column":21},"end":{"line":58,"column":1}},"10":{"start":{"line":41,"column":37},"end":{"line":41,"column":64}},"11":{"start":{"line":43,"column":2},"end":{"line":57,"column":4}},"12":{"start":{"line":46,"column":8},"end":{"line":53,"column":10}}},"fnMap":{"0":{"name":"(anonymous_0)","decl":{"start":{"line":16,"column":20},"end":{"line":16,"column":21}},"loc":{"start":{"line":16,"column":75},"end":{"line":38,"column":1}},"line":16},"1":{"name":"(anonymous_1)","decl":{"start":{"line":19,"column":22},"end":{"line":19,"column":23}},"loc":{"start":{"line":19,"column":67},"end":{"line":24,"column":3}},"line":19},"2":{"name":"(anonymous_2)","decl":{"start":{"line":40,"column":21},"end":{"line":40,"column":22}},"loc":{"start":{"line":40,"column":27},"end":{"line":58,"column":1}},"line":40},"3":{"name":"(anonymous_3)","decl":{"start":{"line":45,"column":21},"end":{"line":45,"column":22}},"loc":{"start":{"line":46,"column":8},"end":{"line":53,"column":10}},"line":46}},"branchMap":{"0":{"loc":{"start":{"line":21,"column":4},"end":{"line":21,"column":44}},"type":"if","locations":[{"start":{"line":21,"column":4},"end":{"line":21,"column":44}},{"start":{},"end":{}}],"line":21}},"s":{"0":2,"1":6,"2":6,"3":0,"4":0,"5":0,"6":0,"7":0,"8":6,"9":2,"10":3,"11":3,"12":5},"f":{"0":6,"1":0,"2":3,"3":5},"b":{"0":[0,0]},"_coverageSchema":"1a1c01bbd47fc00a2c39e90264f33305004495a9","hash":"55efc72454a24c0e1a3b016e344cf1b6cfc503a8"}
,"C:\\Users\\serge\\OneDrive\\Рабочий стол\\Учеба Front-end\\rsschool-react\\React\\src\\components\\ui\\card\\error-button\\error-button.tsx": {"path":"C:\\Users\\serge\\OneDrive\\Рабочий стол\\Учеба Front-end\\rsschool-react\\React\\src\\components\\ui\\card\\error-button\\error-button.tsx","statementMap":{"0":{"start":{"line":4,"column":27},"end":{"line":20,"column":1}},"1":{"start":{"line":5,"column":32},"end":{"line":5,"column":47}},"2":{"start":{"line":7,"column":22},"end":{"line":9,"column":3}},"3":{"start":{"line":8,"column":4},"end":{"line":8,"column":21}},"4":{"start":{"line":11,"column":2},"end":{"line":19,"column":3}},"5":{"start":{"line":12,"column":4},"end":{"line":12,"column":22}},"6":{"start":{"line":14,"column":4},"end":{"line":18,"column":6}}},"fnMap":{"0":{"name":"(anonymous_0)","decl":{"start":{"line":4,"column":27},"end":{"line":4,"column":28}},"loc":{"start":{"line":4,"column":33},"end":{"line":20,"column":1}},"line":4},"1":{"name":"(anonymous_1)","decl":{"start":{"line":7,"column":22},"end":{"line":7,"column":23}},"loc":{"start":{"line":7,"column":28},"end":{"line":9,"column":3}},"line":7}},"branchMap":{"0":{"loc":{"start":{"line":11,"column":2},"end":{"line":19,"column":3}},"type":"if","locations":[{"start":{"line":11,"column":2},"end":{"line":19,"column":3}},{"start":{"line":13,"column":9},"end":{"line":19,"column":3}}],"line":11}},"s":{"0":2,"1":6,"2":6,"3":0,"4":6,"5":0,"6":6},"f":{"0":6,"1":0},"b":{"0":[0,6]},"_coverageSchema":"1a1c01bbd47fc00a2c39e90264f33305004495a9","hash":"25ee0c224d4d13d555e415b89a046bd053dd5729"}
,"C:\\Users\\serge\\OneDrive\\Рабочий стол\\Учеба Front-end\\rsschool-react\\React\\src\\components\\ui\\detailed-card\\detailed-card.tsx": {"path":"C:\\Users\\serge\\OneDrive\\Рабочий стол\\Учеба Front-end\\rsschool-react\\React\\src\\components\\ui\\detailed-card\\detailed-card.tsx","statementMap":{"0":{"start":{"line":19,"column":22},"end":{"line":19,"column":51}},"1":{"start":{"line":20,"column":19},"end":{"line":20,"column":32}},"2":{"start":{"line":22,"column":2},"end":{"line":86,"column":4}},"3":{"start":{"line":24,"column":55},"end":{"line":24,"column":67}},"4":{"start":{"line":29,"column":14},"end":{"line":80,"column":17}},"5":{"start":{"line":30,"column":36},"end":{"line":30,"column":48}},"6":{"start":{"line":51,"column":22},"end":{"line":56,"column":24}},"7":{"start":{"line":64,"column":22},"end":{"line":76,"column":24}},"8":{"start":{"line":89,"column":29},"end":{"line":91,"column":1}},"9":{"start":{"line":90,"column":2},"end":{"line":90,"column":73}}},"fnMap":{"0":{"name":"DetailedCard","decl":{"start":{"line":18,"column":16},"end":{"line":18,"column":28}},"loc":{"start":{"line":18,"column":31},"end":{"line":87,"column":1}},"line":18},"1":{"name":"(anonymous_1)","decl":{"start":{"line":24,"column":49},"end":{"line":24,"column":50}},"loc":{"start":{"line":24,"column":55},"end":{"line":24,"column":67}},"line":24},"2":{"name":"(anonymous_2)","decl":{"start":{"line":28,"column":13},"end":{"line":28,"column":14}},"loc":{"start":{"line":29,"column":14},"end":{"line":80,"column":17}},"line":29},"3":{"name":"(anonymous_3)","decl":{"start":{"line":30,"column":30},"end":{"line":30,"column":31}},"loc":{"start":{"line":30,"column":36},"end":{"line":30,"column":48}},"line":30},"4":{"name":"(anonymous_4)","decl":{"start":{"line":50,"column":51},"end":{"line":50,"column":52}},"loc":{"start":{"line":50,"column":76},"end":{"line":57,"column":21}},"line":50},"5":{"name":"(anonymous_5)","decl":{"start":{"line":63,"column":20},"end":{"line":63,"column":21}},"loc":{"start":{"line":63,"column":48},"end":{"line":77,"column":21}},"line":63},"6":{"name":"(anonymous_6)","decl":{"start":{"line":89,"column":29},"end":{"line":89,"column":30}},"loc":{"start":{"line":89,"column":79},"end":{"line":91,"column":1}},"line":89}},"branchMap":{},"s":{"0":0,"1":0,"2":0,"3":0,"4":0,"5":0,"6":0,"7":0,"8":1,"9":0},"f":{"0":0,"1":0,"2":0,"3":0,"4":0,"5":0,"6":0},"b":{},"_coverageSchema":"1a1c01bbd47fc00a2c39e90264f33305004495a9","hash":"35ff959432cf61d0209ca206242e9353ddb24216"}
,"C:\\Users\\serge\\OneDrive\\Рабочий стол\\Учеба Front-end\\rsschool-react\\React\\src\\components\\ui\\loader\\loader.tsx": {"path":"C:\\Users\\serge\\OneDrive\\Рабочий стол\\Учеба Front-end\\rsschool-react\\React\\src\\components\\ui\\loader\\loader.tsx","statementMap":{"0":{"start":{"line":4,"column":22},"end":{"line":10,"column":1}},"1":{"start":{"line":5,"column":2},"end":{"line":9,"column":4}}},"fnMap":{"0":{"name":"(anonymous_0)","decl":{"start":{"line":4,"column":22},"end":{"line":4,"column":23}},"loc":{"start":{"line":4,"column":28},"end":{"line":10,"column":1}},"line":4}},"branchMap":{},"s":{"0":2,"1":3},"f":{"0":3},"b":{},"_coverageSchema":"1a1c01bbd47fc00a2c39e90264f33305004495a9","hash":"7ff79a7d6121b55d7854abaefdb0598de5dc6c91"}
,"C:\\Users\\serge\\OneDrive\\Рабочий стол\\Учеба Front-end\\rsschool-react\\React\\src\\components\\ui\\not-found\\not-found.tsx": {"path":"C:\\Users\\serge\\OneDrive\\Рабочий стол\\Учеба Front-end\\rsschool-react\\React\\src\\components\\ui\\not-found\\not-found.tsx","statementMap":{"0":{"start":{"line":6,"column":24},"end":{"line":32,"column":1}},"1":{"start":{"line":7,"column":19},"end":{"line":7,"column":32}},"2":{"start":{"line":9,"column":22},"end":{"line":11,"column":3}},"3":{"start":{"line":10,"column":4},"end":{"line":10,"column":17}},"4":{"start":{"line":13,"column":2},"end":{"line":31,"column":4}}},"fnMap":{"0":{"name":"(anonymous_0)","decl":{"start":{"line":6,"column":24},"end":{"line":6,"column":25}},"loc":{"start":{"line":6,"column":30},"end":{"line":32,"column":1}},"line":6},"1":{"name":"(anonymous_1)","decl":{"start":{"line":9,"column":22},"end":{"line":9,"column":23}},"loc":{"start":{"line":9,"column":28},"end":{"line":11,"column":3}},"line":9}},"branchMap":{},"s":{"0":1,"1":0,"2":0,"3":0,"4":0},"f":{"0":0,"1":0},"b":{},"_coverageSchema":"1a1c01bbd47fc00a2c39e90264f33305004495a9","hash":"2d436cd1df6133a182c9c55ad08aa321abfd9ccc"}
,"C:\\Users\\serge\\OneDrive\\Рабочий стол\\Учеба Front-end\\rsschool-react\\React\\src\\components\\ui\\pagination\\pagination.tsx": {"path":"C:\\Users\\serge\\OneDrive\\Рабочий стол\\Учеба Front-end\\rsschool-react\\React\\src\\components\\ui\\pagination\\pagination.tsx","statementMap":{"0":{"start":{"line":9,"column":26},"end":{"line":46,"column":1}},"1":{"start":{"line":10,"column":19},"end":{"line":10,"column":32}},"2":{"start":{"line":11,"column":36},"end":{"line":11,"column":63}},"3":{"start":{"line":12,"column":27},"end":{"line":12,"column":52}},"4":{"start":{"line":13,"column":34},"end":{"line":13,"column":46}},"5":{"start":{"line":15,"column":2},"end":{"line":45,"column":4}},"6":{"start":{"line":18,"column":23},"end":{"line":18,"column":63}},"7":{"start":{"line":24,"column":23},"end":{"line":24,"column":77}},"8":{"start":{"line":33,"column":23},"end":{"line":33,"column":77}},"9":{"start":{"line":39,"column":23},"end":{"line":39,"column":70}}},"fnMap":{"0":{"name":"(anonymous_0)","decl":{"start":{"line":9,"column":26},"end":{"line":9,"column":27}},"loc":{"start":{"line":9,"column":32},"end":{"line":46,"column":1}},"line":9},"1":{"name":"(anonymous_1)","decl":{"start":{"line":18,"column":17},"end":{"line":18,"column":18}},"loc":{"start":{"line":18,"column":23},"end":{"line":18,"column":63}},"line":18},"2":{"name":"(anonymous_2)","decl":{"start":{"line":24,"column":17},"end":{"line":24,"column":18}},"loc":{"start":{"line":24,"column":23},"end":{"line":24,"column":77}},"line":24},"3":{"name":"(anonymous_3)","decl":{"start":{"line":33,"column":17},"end":{"line":33,"column":18}},"loc":{"start":{"line":33,"column":23},"end":{"line":33,"column":77}},"line":33},"4":{"name":"(anonymous_4)","decl":{"start":{"line":39,"column":17},"end":{"line":39,"column":18}},"loc":{"start":{"line":39,"column":23},"end":{"line":39,"column":70}},"line":39}},"branchMap":{"0":{"loc":{"start":{"line":19,"column":19},"end":{"line":19,"column":61}},"type":"cond-expr","locations":[{"start":{"line":19,"column":39},"end":{"line":19,"column":56}},{"start":{"line":19,"column":59},"end":{"line":19,"column":61}}],"line":19},"1":{"loc":{"start":{"line":25,"column":19},"end":{"line":25,"column":61}},"type":"cond-expr","locations":[{"start":{"line":25,"column":39},"end":{"line":25,"column":56}},{"start":{"line":25,"column":59},"end":{"line":25,"column":61}}],"line":25},"2":{"loc":{"start":{"line":34,"column":19},"end":{"line":34,"column":68}},"type":"cond-expr","locations":[{"start":{"line":34,"column":46},"end":{"line":34,"column":63}},{"start":{"line":34,"column":66},"end":{"line":34,"column":68}}],"line":34},"3":{"loc":{"start":{"line":40,"column":19},"end":{"line":40,"column":68}},"type":"cond-expr","locations":[{"start":{"line":40,"column":46},"end":{"line":40,"column":63}},{"start":{"line":40,"column":66},"end":{"line":40,"column":68}}],"line":40}},"s":{"0":2,"1":2,"2":2,"3":2,"4":2,"5":2,"6":0,"7":0,"8":0,"9":0},"f":{"0":2,"1":0,"2":0,"3":0,"4":0},"b":{"0":[2,0],"1":[2,0],"2":[0,2],"3":[0,2]},"_coverageSchema":"1a1c01bbd47fc00a2c39e90264f33305004495a9","hash":"b70d0b55f0fd56f4d0cd053a6fcc3fe46ae28656"}
,"C:\\Users\\serge\\OneDrive\\Рабочий стол\\Учеба Front-end\\rsschool-react\\React\\src\\components\\ui\\result-field\\result-field.tsx": {"path":"C:\\Users\\serge\\OneDrive\\Рабочий стол\\Учеба Front-end\\rsschool-react\\React\\src\\components\\ui\\result-field\\result-field.tsx","statementMap":{"0":{"start":{"line":11,"column":31},"end":{"line":11,"column":70}},"1":{"start":{"line":13,"column":27},"end":{"line":56,"column":1}},"2":{"start":{"line":14,"column":27},"end":{"line":14,"column":52}},"3":{"start":{"line":15,"column":34},"end":{"line":15,"column":46}},"4":{"start":{"line":17,"column":36},"end":{"line":17,"column":50}},"5":{"start":{"line":18,"column":34},"end":{"line":23,"column":4}},"6":{"start":{"line":25,"column":25},"end":{"line":25,"column":36}},"7":{"start":{"line":27,"column":2},"end":{"line":38,"column":40}},"8":{"start":{"line":28,"column":4},"end":{"line":28,"column":23}},"9":{"start":{"line":30,"column":4},"end":{"line":35,"column":6}},"10":{"start":{"line":32,"column":8},"end":{"line":32,"column":28}},"11":{"start":{"line":33,"column":8},"end":{"line":33,"column":28}},"12":{"start":{"line":37,"column":4},"end":{"line":37,"column":69}},"13":{"start":{"line":40,"column":2},"end":{"line":55,"column":3}},"14":{"start":{"line":41,"column":4},"end":{"line":41,"column":22}},"15":{"start":{"line":42,"column":9},"end":{"line":55,"column":3}},"16":{"start":{"line":43,"column":4},"end":{"line":52,"column":6}},"17":{"start":{"line":54,"column":4},"end":{"line":54,"column":80}}},"fnMap":{"0":{"name":"(anonymous_0)","decl":{"start":{"line":13,"column":27},"end":{"line":13,"column":28}},"loc":{"start":{"line":13,"column":33},"end":{"line":56,"column":1}},"line":13},"1":{"name":"(anonymous_1)","decl":{"start":{"line":27,"column":12},"end":{"line":27,"column":13}},"loc":{"start":{"line":27,"column":18},"end":{"line":38,"column":3}},"line":27},"2":{"name":"(anonymous_2)","decl":{"start":{"line":31,"column":6},"end":{"line":31,"column":7}},"loc":{"start":{"line":31,"column":18},"end":{"line":34,"column":7}},"line":31}},"branchMap":{"0":{"loc":{"start":{"line":30,"column":28},"end":{"line":30,"column":40}},"type":"binary-expr","locations":[{"start":{"line":30,"column":28},"end":{"line":30,"column":35}},{"start":{"line":30,"column":39},"end":{"line":30,"column":40}}],"line":30},"1":{"loc":{"start":{"line":30,"column":42},"end":{"line":30,"column":65}},"type":"binary-expr","locations":[{"start":{"line":30,"column":42},"end":{"line":30,"column":60}},{"start":{"line":30,"column":64},"end":{"line":30,"column":65}}],"line":30},"2":{"loc":{"start":{"line":40,"column":2},"end":{"line":55,"column":3}},"type":"if","locations":[{"start":{"line":40,"column":2},"end":{"line":55,"column":3}},{"start":{"line":42,"column":9},"end":{"line":55,"column":3}}],"line":40},"3":{"loc":{"start":{"line":42,"column":9},"end":{"line":55,"column":3}},"type":"if","locations":[{"start":{"line":42,"column":9},"end":{"line":55,"column":3}},{"start":{"line":53,"column":9},"end":{"line":55,"column":3}}],"line":42}},"s":{"0":2,"1":2,"2":6,"3":6,"4":6,"5":6,"6":6,"7":6,"8":3,"9":3,"10":3,"11":3,"12":3,"13":6,"14":3,"15":3,"16":2,"17":1},"f":{"0":6,"1":3,"2":3},"b":{"0":[3,2],"1":[3,1],"2":[3,3],"3":[2,1]},"_coverageSchema":"1a1c01bbd47fc00a2c39e90264f33305004495a9","hash":"7eed3dc14bd80ba10f32ddd34bef307910efdcdd"}
,"C:\\Users\\serge\\OneDrive\\Рабочий стол\\Учеба Front-end\\rsschool-react\\React\\src\\components\\ui\\search-field\\search-field.tsx": {"path":"C:\\Users\\serge\\OneDrive\\Рабочий стол\\Учеба Front-end\\rsschool-react\\React\\src\\components\\ui\\search-field\\search-field.tsx","statementMap":{"0":{"start":{"line":7,"column":27},"end":{"line":53,"column":1}},"1":{"start":{"line":8,"column":44},"end":{"line":8,"column":69}},"2":{"start":{"line":9,"column":34},"end":{"line":9,"column":46}},"3":{"start":{"line":10,"column":19},"end":{"line":10,"column":32}},"4":{"start":{"line":11,"column":40},"end":{"line":11,"column":60}},"5":{"start":{"line":12,"column":46},"end":{"line":12,"column":63}},"6":{"start":{"line":14,"column":28},"end":{"line":16,"column":3}},"7":{"start":{"line":15,"column":4},"end":{"line":15,"column":46}},"8":{"start":{"line":18,"column":23},"end":{"line":22,"column":3}},"9":{"start":{"line":19,"column":4},"end":{"line":19,"column":27}},"10":{"start":{"line":20,"column":4},"end":{"line":20,"column":74}},"11":{"start":{"line":21,"column":4},"end":{"line":21,"column":53}},"12":{"start":{"line":24,"column":30},"end":{"line":26,"column":3}},"13":{"start":{"line":25,"column":4},"end":{"line":25,"column":50}},"14":{"start":{"line":28,"column":2},"end":{"line":52,"column":4}}},"fnMap":{"0":{"name":"(anonymous_0)","decl":{"start":{"line":7,"column":27},"end":{"line":7,"column":28}},"loc":{"start":{"line":7,"column":33},"end":{"line":53,"column":1}},"line":7},"1":{"name":"(anonymous_1)","decl":{"start":{"line":14,"column":28},"end":{"line":14,"column":29}},"loc":{"start":{"line":14,"column":76},"end":{"line":16,"column":3}},"line":14},"2":{"name":"(anonymous_2)","decl":{"start":{"line":18,"column":23},"end":{"line":18,"column":24}},"loc":{"start":{"line":18,"column":68},"end":{"line":22,"column":3}},"line":18},"3":{"name":"(anonymous_3)","decl":{"start":{"line":24,"column":30},"end":{"line":24,"column":31}},"loc":{"start":{"line":24,"column":78},"end":{"line":26,"column":3}},"line":24}},"branchMap":{"0":{"loc":{"start":{"line":35,"column":15},"end":{"line":35,"column":32}},"type":"binary-expr","locations":[{"start":{"line":35,"column":15},"end":{"line":35,"column":26}},{"start":{"line":35,"column":30},"end":{"line":35,"column":32}}],"line":35},"1":{"loc":{"start":{"line":43,"column":26},"end":{"line":43,"column":45}},"type":"binary-expr","locations":[{"start":{"line":43,"column":26},"end":{"line":43,"column":40}},{"start":{"line":43,"column":44},"end":{"line":43,"column":45}}],"line":43},"2":{"loc":{"start":{"line":44,"column":17},"end":{"line":44,"column":37}},"type":"binary-expr","locations":[{"start":{"line":44,"column":17},"end":{"line":44,"column":31}},{"start":{"line":44,"column":35},"end":{"line":44,"column":37}}],"line":44}},"s":{"0":2,"1":2,"2":2,"3":2,"4":2,"5":2,"6":2,"7":0,"8":2,"9":0,"10":0,"11":0,"12":2,"13":0,"14":2},"f":{"0":2,"1":0,"2":0,"3":0},"b":{"0":[2,2],"1":[2,2],"2":[2,2]},"_coverageSchema":"1a1c01bbd47fc00a2c39e90264f33305004495a9","hash":"492e6c89943e49e11d7400db1ca35eee376ea1c1"}
,"C:\\Users\\serge\\OneDrive\\Рабочий стол\\Учеба Front-end\\rsschool-react\\React\\src\\pages\\app\\App.tsx": {"path":"C:\\Users\\serge\\OneDrive\\Рабочий стол\\Учеба Front-end\\rsschool-react\\React\\src\\pages\\app\\App.tsx","statementMap":{"0":{"start":{"line":17,"column":29},"end":{"line":19,"column":1}},"1":{"start":{"line":21,"column":19},"end":{"line":42,"column":1}},"2":{"start":{"line":23,"column":4},"end":{"line":23,"column":24}},"3":{"start":{"line":24,"column":42},"end":{"line":27,"column":4}},"4":{"start":{"line":29,"column":2},"end":{"line":41,"column":4}}},"fnMap":{"0":{"name":"(anonymous_0)","decl":{"start":{"line":21,"column":19},"end":{"line":21,"column":20}},"loc":{"start":{"line":21,"column":25},"end":{"line":42,"column":1}},"line":21}},"branchMap":{},"s":{"0":2,"1":2,"2":2,"3":2,"4":2},"f":{"0":2},"b":{},"_coverageSchema":"1a1c01bbd47fc00a2c39e90264f33305004495a9","hash":"6f5c9c5e406c6c2b291395ba0270d7ad902e6b46"}
,"C:\\Users\\serge\\OneDrive\\Рабочий стол\\Учеба Front-end\\rsschool-react\\React\\src\\pages\\error-page\\error-page.tsx": {"path":"C:\\Users\\serge\\OneDrive\\Рабочий стол\\Учеба Front-end\\rsschool-react\\React\\src\\pages\\error-page\\error-page.tsx","statementMap":{"0":{"start":{"line":4,"column":25},"end":{"line":9,"column":1}},"1":{"start":{"line":5,"column":16},"end":{"line":5,"column":31}},"2":{"start":{"line":6,"column":2},"end":{"line":6,"column":23}},"3":{"start":{"line":8,"column":2},"end":{"line":8,"column":22}}},"fnMap":{"0":{"name":"(anonymous_0)","decl":{"start":{"line":4,"column":25},"end":{"line":4,"column":26}},"loc":{"start":{"line":4,"column":31},"end":{"line":9,"column":1}},"line":4}},"branchMap":{},"s":{"0":1,"1":0,"2":0,"3":0},"f":{"0":0},"b":{},"_coverageSchema":"1a1c01bbd47fc00a2c39e90264f33305004495a9","hash":"9c4f8733fefab5c21e1e109a4e326524a59fb783"}
,"C:\\Users\\serge\\OneDrive\\Рабочий стол\\Учеба Front-end\\rsschool-react\\React\\src\\router\\AppRouter.tsx": {"path":"C:\\Users\\serge\\OneDrive\\Рабочий стол\\Учеба Front-end\\rsschool-react\\React\\src\\router\\AppRouter.tsx","statementMap":{},"fnMap":{},"branchMap":{},"s":{},"f":{},"b":{},"_coverageSchema":"1a1c01bbd47fc00a2c39e90264f33305004495a9","hash":"a3111fd173cfbbcbad7689017c61fc4908ca74fc"}
}
