TN:
SF:src\assets\data\pepe-data.ts
FNF:0
FNH:0
DA:7,1
LF:1
LH:1
BRF:0
BRH:0
end_of_record
TN:
SF:src\components\api\constants.ts
FNF:0
FNH:0
DA:1,1
LF:1
LH:1
BRF:0
BRH:0
end_of_record
TN:
SF:src\components\api\get-page-data.tsx
FN:4,getPageData
FN:14,(anonymous_1)
FN:43,getPokemonsData
FN:61,(anonymous_3)
FNF:4
FNH:0
FNDA:0,getPageData
FNDA:0,(anonymous_1)
FNDA:0,getPokemonsData
FNDA:0,(anonymous_3)
DA:9,0
DA:10,0
DA:11,0
DA:13,0
DA:14,0
DA:15,0
DA:19,0
DA:20,0
DA:22,0
DA:23,0
DA:25,0
DA:27,0
DA:28,0
DA:32,0
DA:33,0
DA:35,0
DA:39,0
DA:40,0
DA:48,0
DA:50,0
DA:51,0
DA:52,0
DA:55,0
DA:57,0
DA:58,0
DA:60,0
DA:61,0
DA:64,0
DA:66,0
DA:68,0
DA:75,0
LF:31
LH:0
BRDA:5,0,0,0
BRDA:6,1,0,0
BRDA:7,2,0,0
BRDA:13,3,0,0
BRDA:13,3,1,0
BRDA:25,4,0,0
BRDA:25,4,1,0
BRDA:55,5,0,0
BRDA:55,5,1,0
BRDA:60,6,0,0
BRDA:60,6,1,0
BRF:11
BRH:0
end_of_record
TN:
SF:src\components\api\get-pokemon-details.ts
FN:5,getPokemonDetails
FN:17,(anonymous_1)
FN:28,(anonymous_2)
FN:64,getEvolutionChain
FN:73,getEvolutionData
FNF:5
FNH:0
FNDA:0,getPokemonDetails
FNDA:0,(anonymous_1)
FNDA:0,(anonymous_2)
FNDA:0,getEvolutionChain
FNDA:0,getEvolutionData
DA:6,0
DA:8,0
DA:9,0
DA:10,0
DA:12,0
DA:13,0
DA:14,0
DA:15,0
DA:16,0
DA:17,0
DA:19,0
DA:21,0
DA:22,0
DA:23,0
DA:24,0
DA:25,0
DA:27,0
DA:28,0
DA:31,0
DA:34,0
DA:35,0
DA:36,0
DA:37,0
DA:40,0
DA:41,0
DA:42,0
DA:44,0
DA:53,0
DA:54,0
DA:65,0
DA:66,0
DA:67,0
DA:69,0
DA:74,0
DA:76,0
DA:77,0
DA:78,0
DA:79,0
DA:81,0
DA:84,0
LF:40
LH:0
BRDA:6,0,0,0
BRDA:6,0,1,0
BRDA:27,1,0,0
BRDA:27,1,1,0
BRDA:65,2,0,0
BRDA:65,2,1,0
BRF:6
BRH:0
end_of_record
TN:
SF:src\components\model\error-boundary.tsx
FN:20,(anonymous_0)
FN:24,(anonymous_1)
FN:28,(anonymous_2)
FNF:3
FNH:0
FNDA:0,(anonymous_0)
FNDA:0,(anonymous_1)
FNDA:0,(anonymous_2)
DA:6,1
DA:18,0
DA:21,0
DA:25,0
DA:29,0
DA:30,0
DA:41,0
LF:7
LH:1
BRDA:29,0,0,0
BRDA:29,0,1,0
BRF:2
BRH:0
end_of_record
TN:
SF:src\components\model\get-search-params.ts
FN:8,useGetSearchParams
FNF:1
FNH:1
FNDA:1,useGetSearchParams
DA:9,1
DA:11,1
DA:15,1
DA:17,1
DA:19,1
LF:5
LH:5
BRDA:11,0,0,1
BRDA:11,0,1,1
BRDA:15,1,0,1
BRDA:15,1,1,1
BRDA:17,2,0,1
BRDA:17,2,1,1
BRF:6
BRH:6
end_of_record
TN:
SF:src\components\model\get-url.ts
FN:1,getURL
FNF:1
FNH:0
FNDA:0,getURL
DA:2,0
DA:4,0
LF:2
LH:0
BRDA:2,0,0,0
BRDA:2,0,1,0
BRDA:2,1,0,0
BRDA:2,1,1,0
BRF:4
BRH:0
end_of_record
TN:
SF:src\components\ui\button\button.tsx
FN:11,(anonymous_0)
FNF:1
FNH:0
FNDA:0,(anonymous_0)
DA:11,1
DA:12,0
LF:2
LH:1
BRF:0
BRH:0
end_of_record
TN:
SF:src\components\ui\card\card.tsx
FN:16,(anonymous_0)
FN:42,(anonymous_1)
FN:47,(anonymous_2)
FNF:3
FNH:0
FNDA:0,(anonymous_0)
FNDA:0,(anonymous_1)
FNDA:0,(anonymous_2)
DA:16,1
DA:26,0
DA:42,1
DA:43,0
DA:45,0
DA:48,0
LF:6
LH:2
BRF:0
BRH:0
end_of_record
TN:
SF:src\components\ui\card\error-button\error-button.tsx
FN:4,(anonymous_0)
FN:7,(anonymous_1)
FNF:2
FNH:0
FNDA:0,(anonymous_0)
FNDA:0,(anonymous_1)
DA:4,1
DA:5,0
DA:7,0
DA:8,0
DA:11,0
DA:12,0
DA:14,0
LF:7
LH:1
BRDA:11,0,0,0
BRDA:11,0,1,0
BRF:2
BRH:0
end_of_record
TN:
SF:src\components\ui\detailed-card\detailed-card.tsx
FN:18,DetailedCard
FN:25,(anonymous_1)
FN:29,(anonymous_2)
FN:31,(anonymous_3)
FN:51,(anonymous_4)
FN:64,(anonymous_5)
FN:90,(anonymous_6)
FNF:7
FNH:0
FNDA:0,DetailedCard
FNDA:0,(anonymous_1)
FNDA:0,(anonymous_2)
FNDA:0,(anonymous_3)
FNDA:0,(anonymous_4)
FNDA:0,(anonymous_5)
FNDA:0,(anonymous_6)
DA:19,0
DA:20,0
DA:21,0
DA:23,0
DA:25,0
DA:30,0
DA:31,0
DA:52,0
DA:65,0
DA:90,1
DA:91,0
LF:11
LH:1
BRF:0
BRH:0
end_of_record
TN:
SF:src\components\ui\loader\loader.tsx
FN:4,(anonymous_0)
FNF:1
FNH:0
FNDA:0,(anonymous_0)
DA:4,1
DA:5,0
LF:2
LH:1
BRF:0
BRH:0
end_of_record
TN:
SF:src\components\ui\not-found\not-found.tsx
FN:6,(anonymous_0)
FN:9,(anonymous_1)
FNF:2
FNH:1
FNDA:1,(anonymous_0)
FNDA:0,(anonymous_1)
DA:6,1
DA:7,1
DA:9,1
DA:10,0
DA:13,1
LF:5
LH:4
BRF:0
BRH:0
end_of_record
TN:
SF:src\components\ui\pagination\pagination.tsx
FN:9,(anonymous_0)
FN:18,(anonymous_1)
FN:24,(anonymous_2)
FN:33,(anonymous_3)
FN:39,(anonymous_4)
FNF:5
FNH:0
FNDA:0,(anonymous_0)
FNDA:0,(anonymous_1)
FNDA:0,(anonymous_2)
FNDA:0,(anonymous_3)
FNDA:0,(anonymous_4)
DA:9,1
DA:10,0
DA:11,0
DA:12,0
DA:13,0
DA:15,0
DA:18,0
DA:24,0
DA:33,0
DA:39,0
LF:10
LH:1
BRDA:19,0,0,0
BRDA:19,0,1,0
BRDA:25,1,0,0
BRDA:25,1,1,0
BRDA:34,2,0,0
BRDA:34,2,1,0
BRDA:40,3,0,0
BRDA:40,3,1,0
BRF:8
BRH:0
end_of_record
TN:
SF:src\components\ui\result-field\result-field.tsx
FN:13,(anonymous_0)
FN:27,(anonymous_1)
FN:31,(anonymous_2)
FNF:3
FNH:0
FNDA:0,(anonymous_0)
FNDA:0,(anonymous_1)
FNDA:0,(anonymous_2)
DA:11,1
DA:13,1
DA:14,0
DA:15,0
DA:17,0
DA:18,0
DA:25,0
DA:27,0
DA:28,0
DA:30,0
DA:32,0
DA:33,0
DA:37,0
DA:40,0
DA:41,0
DA:42,0
DA:43,0
DA:54,0
LF:18
LH:2
BRDA:30,0,0,0
BRDA:30,0,1,0
BRDA:30,1,0,0
BRDA:30,1,1,0
BRDA:40,2,0,0
BRDA:40,2,1,0
BRDA:42,3,0,0
BRDA:42,3,1,0
BRF:8
BRH:0
end_of_record
TN:
SF:src\components\ui\search-field\search-field.tsx
FN:7,(anonymous_0)
FN:14,(anonymous_1)
FN:18,(anonymous_2)
FN:25,(anonymous_3)
FNF:4
FNH:1
FNDA:1,(anonymous_0)
FNDA:0,(anonymous_1)
FNDA:0,(anonymous_2)
FNDA:0,(anonymous_3)
DA:7,1
DA:8,1
DA:9,1
DA:10,1
DA:11,1
DA:12,1
DA:14,1
DA:15,0
DA:18,1
DA:19,0
DA:20,0
DA:21,0
DA:22,0
DA:25,1
DA:26,0
DA:29,1
LF:16
LH:10
BRDA:36,0,0,1
BRDA:36,0,1,1
BRDA:44,1,0,1
BRDA:44,1,1,1
BRDA:45,2,0,1
BRDA:45,2,1,1
BRF:6
BRH:6
end_of_record
TN:
SF:src\pages\app\App.tsx
FN:21,(anonymous_0)
FNF:1
FNH:1
FNDA:1,(anonymous_0)
DA:17,1
DA:21,1
DA:23,1
DA:24,1
DA:29,1
LF:5
LH:5
BRF:0
BRH:0
end_of_record
TN:
SF:src\pages\error-page\error-page.tsx
FN:3,(anonymous_0)
FNF:1
FNH:1
FNDA:1,(anonymous_0)
DA:3,1
DA:4,1
LF:2
LH:2
BRF:0
BRH:0
end_of_record
TN:
SF:src\router\AppRouter.tsx
FNF:0
FNH:0
LF:0
LH:0
BRF:0
BRH:0
end_of_record
