TN:
SF:src\components\api\constants.ts
FNF:0
FNH:0
DA:1,1
LF:1
LH:1
BRF:0
BRH:0
end_of_record
TN:
SF:src\components\api\get-page-data.tsx
FN:4,getPageData
FN:14,(anonymous_1)
FN:42,getPokemonsData
FN:61,(anonymous_3)
FNF:4
FNH:2
FNDA:0,getPageData
FNDA:0,(anonymous_1)
FNDA:1,getPokemonsData
FNDA:1,(anonymous_3)
DA:9,0
DA:10,0
DA:11,0
DA:13,0
DA:14,0
DA:15,0
DA:19,0
DA:20,0
DA:22,0
DA:23,0
DA:25,0
DA:27,0
DA:28,0
DA:32,0
DA:33,0
DA:35,0
DA:39,0
DA:47,1
DA:49,1
DA:50,1
DA:51,1
DA:52,1
DA:55,1
DA:57,1
DA:58,1
DA:60,1
DA:61,1
DA:64,1
DA:66,1
DA:68,1
DA:75,1
LF:31
LH:14
BRDA:5,0,0,0
BRDA:6,1,0,0
BRDA:7,2,0,0
BRDA:13,3,0,0
BRDA:13,3,1,0
BRDA:25,4,0,0
BRDA:25,4,1,0
BRDA:55,5,0,1
BRDA:55,5,1,0
BRDA:60,6,0,1
BRDA:60,6,1,0
BRF:11
BRH:2
end_of_record
TN:
SF:src\components\model\get-url.ts
FN:1,getURL
FNF:1
FNH:1
FNDA:6,getURL
DA:2,6
DA:4,6
LF:2
LH:2
BRDA:2,0,0,2
BRDA:2,0,1,4
BRDA:2,1,0,6
BRDA:2,1,1,5
BRF:4
BRH:4
end_of_record
